  MyForm.cpp
c:\users\jason\desktop\school ok\cpp_class\source\final project\final project\gui\..\Final Project\ImageCatalog.h(30): warning C4267: 'return': conversion from 'size_t' to 'int', possible loss of data
c:\users\jason\desktop\school ok\cpp_class\source\final project\final project\opencv\build\include\opencv2\core\cvstd.hpp(599): warning C4793: 'cv::String::String': function compiled as native:
  	Found an intrinsic not supported in managed code
c:\users\jason\desktop\school ok\cpp_class\source\final project\final project\opencv\build\include\opencv2\core\mat.inl.hpp(392): warning C4793: 'cv::Mat::Mat': function compiled as native:
  	Found an intrinsic not supported in managed code
c:\users\jason\desktop\school ok\cpp_class\source\final project\final project\opencv\build\include\opencv2\core\mat.inl.hpp(681): warning C4793: 'cv::Mat::release': function compiled as native:
  	Found an intrinsic not supported in managed code
c:\users\jason\desktop\school ok\cpp_class\source\final project\final project\opencv\build\include\opencv2\core\mat.inl.hpp(1872): warning C4793: 'cv::SparseMat::addref': function compiled as native:
  	Found an intrinsic not supported in managed code
c:\users\jason\desktop\school ok\cpp_class\source\final project\final project\opencv\build\include\opencv2\core\mat.inl.hpp(3473): warning C4793: 'cv::UMat::addref': function compiled as native:
  	Found an intrinsic not supported in managed code
c:\users\jason\desktop\school ok\cpp_class\source\final project\final project\opencv\build\include\opencv2\core\ptr.inl.hpp(67): warning C4793: 'cv::detail::PtrOwner::incRef': function compiled as native:
  	Found an intrinsic not supported in managed code
c:\users\jason\desktop\school ok\cpp_class\source\final project\final project\opencv\build\include\opencv2\core\ptr.inl.hpp(72): warning C4793: 'cv::detail::PtrOwner::decRef': function compiled as native:
  	Found an intrinsic not supported in managed code
c:\users\jason\desktop\school ok\cpp_class\source\final project\final project\opencv\build\include\opencv2\core\mat.inl.hpp(580): warning C4793: 'cv::Mat::operator=': function compiled as native:
  	Found an intrinsic not supported in managed code
c:\users\jason\desktop\school ok\cpp_class\source\final project\final project\opencv\build\include\opencv2\core\mat.inl.hpp(681): warning C4793: 'cv::Mat::release': function compiled as native:
  	Found an intrinsic not supported in managed code
  GUI.vcxproj -> C:\Users\jason\Desktop\school ok\cpp_class\source\Final Project\Final Project\x64\Release\GUI.exe
  GUI.vcxproj -> C:\Users\jason\Desktop\school ok\cpp_class\source\Final Project\Final Project\x64\Release\GUI.pdb (Full PDB)
