c:\users\arrow\google drive\2016school\cop2335c\cpp_class\cpp_class\source\final project\final project\gui\x64\debug\vc140.pdb
c:\users\arrow\google drive\2016school\cop2335c\cpp_class\cpp_class\source\final project\final project\gui\x64\debug\.netframework,version=v4.5.2.assemblyattributes.obj
c:\users\arrow\google drive\2016school\cop2335c\cpp_class\cpp_class\source\final project\final project\gui\x64\debug\.netframework,version=v4.5.2.assemblyattributes.asm
c:\users\arrow\google drive\2016school\cop2335c\cpp_class\cpp_class\source\final project\final project\gui\x64\debug\myform.obj
c:\users\arrow\google drive\2016school\cop2335c\finalprojectgui\cpp_class\source\final project\final project\gui\x64\debug\vc140.pdb
c:\users\arrow\google drive\2016school\cop2335c\finalprojectgui\cpp_class\source\final project\final project\gui\x64\debug\myform.obj
c:\users\arrow\google drive\2016school\cop2335c\cpp_class\cpp_class\source\final project\final project\gui\x64\debug\gui.myform.resources
c:\users\arrow\google drive\2016school\cop2335c\finalprojectgui\cpp_class\source\final project\final project\gui\x64\debug\gui.myform.resources
c:\users\arrow\google drive\2016school\cop2335c\finalprojectgui\cpp_class\source\final project\final project\gui\x64\debug\gui.vcxproj.generateresource.cache
c:\users\arrow\google drive\2016school\cop2335c\finalprojectgui\cpp_class\source\final project\final project\gui\x64\debug\gui.vcxprojresolveassemblyreference.cache
c:\users\arrow\google drive\2016school\cop2335c\finalprojectgui\cpp_class\source\final project\final project\gui\x64\debug\.netframework,version=v4.5.2.assemblyattributes.obj
c:\users\arrow\google drive\2016school\cop2335c\cpp_class\cpp_class\source\final project\final project\x64\debug\gui.pdb
c:\users\arrow\google drive\2016school\cop2335c\finalprojectgui\cpp_class\source\final project\final project\gui\x64\debug\gui.tlog\cl.command.1.tlog
c:\users\arrow\google drive\2016school\cop2335c\finalprojectgui\cpp_class\source\final project\final project\gui\x64\debug\gui.tlog\cl.read.1.tlog
c:\users\arrow\google drive\2016school\cop2335c\finalprojectgui\cpp_class\source\final project\final project\gui\x64\debug\gui.tlog\cl.write.1.tlog
c:\users\arrow\google drive\2016school\cop2335c\finalprojectgui\cpp_class\source\final project\final project\gui\x64\debug\gui.tlog\gui.write.1u.tlog
c:\users\arrow\google drive\2016school\cop2335c\finalprojectgui\cpp_class\source\final project\final project\gui\x64\debug\gui.tlog\link.1040.6884-cvtres.read.1.tlog
c:\users\arrow\google drive\2016school\cop2335c\finalprojectgui\cpp_class\source\final project\final project\gui\x64\debug\gui.tlog\link.1040.6884-cvtres.write.1.tlog
c:\users\arrow\google drive\2016school\cop2335c\finalprojectgui\cpp_class\source\final project\final project\gui\x64\debug\gui.tlog\link.1040.6884-rc.read.1.tlog
c:\users\arrow\google drive\2016school\cop2335c\finalprojectgui\cpp_class\source\final project\final project\gui\x64\debug\gui.tlog\link.1040.6884-rc.write.1.tlog
c:\users\arrow\google drive\2016school\cop2335c\finalprojectgui\cpp_class\source\final project\final project\gui\x64\debug\gui.tlog\link.1040.6884.read.1.tlog
c:\users\arrow\google drive\2016school\cop2335c\finalprojectgui\cpp_class\source\final project\final project\gui\x64\debug\gui.tlog\link.1040.6884.write.1.tlog
c:\users\arrow\google drive\2016school\cop2335c\finalprojectgui\cpp_class\source\final project\final project\gui\x64\debug\gui.tlog\link.1040.read.1.tlog
c:\users\arrow\google drive\2016school\cop2335c\finalprojectgui\cpp_class\source\final project\final project\gui\x64\debug\gui.tlog\link.1040.write.1.tlog
c:\users\arrow\google drive\2016school\cop2335c\finalprojectgui\cpp_class\source\final project\final project\gui\x64\debug\gui.tlog\link.9180.1928-cvtres.read.1.tlog
c:\users\arrow\google drive\2016school\cop2335c\finalprojectgui\cpp_class\source\final project\final project\gui\x64\debug\gui.tlog\link.9180.1928-cvtres.write.1.tlog
c:\users\arrow\google drive\2016school\cop2335c\finalprojectgui\cpp_class\source\final project\final project\gui\x64\debug\gui.tlog\link.9180.1928-rc.read.1.tlog
c:\users\arrow\google drive\2016school\cop2335c\finalprojectgui\cpp_class\source\final project\final project\gui\x64\debug\gui.tlog\link.9180.1928-rc.write.1.tlog
c:\users\arrow\google drive\2016school\cop2335c\finalprojectgui\cpp_class\source\final project\final project\gui\x64\debug\gui.tlog\link.9180.1928.read.1.tlog
c:\users\arrow\google drive\2016school\cop2335c\finalprojectgui\cpp_class\source\final project\final project\gui\x64\debug\gui.tlog\link.9180.1928.write.1.tlog
c:\users\arrow\google drive\2016school\cop2335c\finalprojectgui\cpp_class\source\final project\final project\gui\x64\debug\gui.tlog\link.9180.read.1.tlog
c:\users\arrow\google drive\2016school\cop2335c\finalprojectgui\cpp_class\source\final project\final project\gui\x64\debug\gui.tlog\link.9180.write.1.tlog
c:\users\arrow\google drive\2016school\cop2335c\finalprojectgui\cpp_class\source\final project\final project\gui\x64\debug\gui.tlog\link.command.1.tlog
c:\users\arrow\google drive\2016school\cop2335c\finalprojectgui\cpp_class\source\final project\final project\gui\x64\debug\gui.tlog\link.read.1.tlog
c:\users\arrow\google drive\2016school\cop2335c\finalprojectgui\cpp_class\source\final project\final project\gui\x64\debug\gui.tlog\link.write.1.tlog
c:\users\arrow\google drive\2016school\cop2335c\finalprojectgui\cpp_class\source\final project\final project\gui\x64\debug\gui.tlog\metagen.read.1.tlog
c:\users\arrow\google drive\2016school\cop2335c\finalprojectgui\cpp_class\source\final project\final project\gui\x64\debug\gui.tlog\metagen.write.1.tlog
c:\users\arrow\google drive\2016school\cop2335c\finalprojectgui\cpp_class\source\final project\final project\gui\x64\debug\gui.tlog\tzres.dll.bi
